<?xml version="1.0" encoding="UTF-8"?>
<testsuite xmlns:xsi="http://www.w3.org/2001/XMLSchema-instance" xsi:noNamespaceSchemaLocation="https://maven.apache.org/surefire/maven-surefire-plugin/xsd/surefire-test-report.xsd" name="com.zerobank.runners.CukesRunner" time="379.794" tests="16" errors="3" skipped="0" failures="1">
  <properties>
[...]
</properties>
  <testcase name="select &quot;Savings&quot; on the Account Summary Page" classname="Navigating	to	specific	accounts	in	Accounts	Activity" time="22.942"/>
  <testcase name="select &quot;Brokerage&quot; on the Account Summary Page" classname="Navigating	to	specific	accounts	in	Accounts	Activity" time="19.857"/>
  <testcase name="select &quot;Checking&quot; on the Account Summary Page" classname="Navigating	to	specific	accounts	in	Accounts	Activity" time="21.043"/>
  <testcase name="select &quot;Credit Card&quot; on the Account Summary Page" classname="Navigating	to	specific	accounts	in	Accounts	Activity" time="19.996"/>
  <testcase name="select &quot;Loan&quot; on the Account Summary Page" classname="Navigating	to	specific	accounts	in	Accounts	Activity" time="21.42"/>
  <testcase name="Add a new payee" classname="Add new payee under pay bills" time="26.54"/>
  <testcase name="Search date range" classname="Find Transactions in Account Activity." time="28.557">
    <failure message="verify actual dates are between start date and end date" type="java.lang.AssertionError">java.lang.AssertionError: verify actual dates are between start date and end date
</failure>
    <system-err><![CDATA[Starting ChromeDriver 98.0.4758.80 (7f0488e8ba0d8e019187c6325a16c29d9b7f4989-refs/branch-heads/4758@{#972}) on port 56310
Only local connections are allowed.
Please see https://chromedriver.chromium.org/security-considerations for suggestions on keeping ChromeDriver safe.
ChromeDriver was started successfully.
?ub 12, 2022 5:50:18 ÖS org.openqa.selenium.remote.ProtocolHandshake createSession
INFO: Detected dialect: W3C
?ub 12, 2022 5:50:18 ÖS org.openqa.selenium.devtools.CdpVersionFinder findNearestMatch
WARNING: Unable to find an exact match for CDP version 98, so returning the closest version found: 96
?ub 12, 2022 5:50:18 ÖS org.openqa.selenium.devtools.CdpVersionFinder findNearestMatch
INFO: Found CDP implementation for version 98 of 96
]]></system-err>
  </testcase>
  <testcase name="Search &quot;ONLINE&quot; description" classname="Find Transactions in Account Activity." time="24.462">
    <error message="Index 0 out of bounds for length 0" type="java.lang.IndexOutOfBoundsException">java.lang.IndexOutOfBoundsException: Index 0 out of bounds for length 0
</error>
    <system-err><![CDATA[Starting ChromeDriver 98.0.4758.80 (7f0488e8ba0d8e019187c6325a16c29d9b7f4989-refs/branch-heads/4758@{#972}) on port 65216
Only local connections are allowed.
Please see https://chromedriver.chromium.org/security-considerations for suggestions on keeping ChromeDriver safe.
ChromeDriver was started successfully.
?ub 12, 2022 5:50:47 ÖS org.openqa.selenium.remote.ProtocolHandshake createSession
INFO: Detected dialect: W3C
?ub 12, 2022 5:50:47 ÖS org.openqa.selenium.devtools.CdpVersionFinder findNearestMatch
WARNING: Unable to find an exact match for CDP version 98, so returning the closest version found: 96
?ub 12, 2022 5:50:47 ÖS org.openqa.selenium.devtools.CdpVersionFinder findNearestMatch
INFO: Found CDP implementation for version 98 of 96
]]></system-err>
  </testcase>
  <testcase name="Search description case insensitive" classname="Find Transactions in Account Activity." time="27.187">
    <error message="Index 0 out of bounds for length 0" type="java.lang.IndexOutOfBoundsException">java.lang.IndexOutOfBoundsException: Index 0 out of bounds for length 0
</error>
    <system-err><![CDATA[Starting ChromeDriver 98.0.4758.80 (7f0488e8ba0d8e019187c6325a16c29d9b7f4989-refs/branch-heads/4758@{#972}) on port 55268
Only local connections are allowed.
Please see https://chromedriver.chromium.org/security-considerations for suggestions on keeping ChromeDriver safe.
ChromeDriver was started successfully.
?ub 12, 2022 5:51:11 ÖS org.openqa.selenium.remote.ProtocolHandshake createSession
INFO: Detected dialect: W3C
?ub 12, 2022 5:51:11 ÖS org.openqa.selenium.devtools.CdpVersionFinder findNearestMatch
WARNING: Unable to find an exact match for CDP version 98, so returning the closest version found: 96
?ub 12, 2022 5:51:11 ÖS org.openqa.selenium.devtools.CdpVersionFinder findNearestMatch
INFO: Found CDP implementation for version 98 of 96
]]></system-err>
  </testcase>
  <testcase name="Type #1" classname="Find Transactions in Account Activity." time="32.729">
    <error message="Expected condition failed: waiting for visibility of Proxy element for: DefaultElementLocator &apos;By.xpath: //div[@id=&apos;filtered_transactions_for_account&apos;]//th&apos; (tried for 10 second(s) with 500 milliseconds interval)" type="org.openqa.selenium.TimeoutException">org.openqa.selenium.TimeoutException: Expected condition failed: waiting for visibility of Proxy element for: DefaultElementLocator 'By.xpath: //div[@id='filtered_transactions_for_account']//th' (tried for 10 second(s) with 500 milliseconds interval)
Caused by: org.openqa.selenium.NoSuchElementException: 
no such element: Unable to locate element: {"method":"xpath","selector":"//div[@id='filtered_transactions_for_account']//th"}
  (Session info: chrome=98.0.4758.82)
For documentation on this error, please visit: https://selenium.dev/exceptions/#no_such_element
Build info: version: '4.1.1', revision: 'e8fcc2cecf'
System info: host: 'LAPTOP-28D5O466', ip: '192.168.1.102', os.name: 'Windows 10', os.arch: 'amd64', os.version: '10.0', java.version: '11.0.12'
Driver info: org.openqa.selenium.chrome.ChromeDriver
Command: [99ca98dbcc403f7b2fb624b8471b1295, findElement {using=xpath, value=//div[@id='filtered_transactions_for_account']//th}]
Capabilities {acceptInsecureCerts: false, browserName: chrome, browserVersion: 98.0.4758.82, chrome: {chromedriverVersion: 98.0.4758.80 (7f0488e8ba0d8..., userDataDir: C:\Users\benyu\AppData\Loca...}, goog:chromeOptions: {debuggerAddress: localhost:62936}, javascriptEnabled: true, networkConnectionEnabled: false, pageLoadStrategy: normal, platform: WINDOWS, platformName: WINDOWS, proxy: Proxy(), se:cdp: ws://localhost:62936/devtoo..., se:cdpVersion: 98.0.4758.82, setWindowRect: true, strictFileInteractability: false, timeouts: {implicit: 0, pageLoad: 300000, script: 30000}, unhandledPromptBehavior: dismiss and notify, webauthn:extension:credBlob: true, webauthn:extension:largeBlob: true, webauthn:virtualAuthenticators: true}
Session ID: 99ca98dbcc403f7b2fb624b8471b1295
</error>
    <system-err><![CDATA[Starting ChromeDriver 98.0.4758.80 (7f0488e8ba0d8e019187c6325a16c29d9b7f4989-refs/branch-heads/4758@{#972}) on port 53042
Only local connections are allowed.
Please see https://chromedriver.chromium.org/security-considerations for suggestions on keeping ChromeDriver safe.
ChromeDriver was started successfully.
?ub 12, 2022 5:51:38 ÖS org.openqa.selenium.remote.ProtocolHandshake createSession
INFO: Detected dialect: W3C
?ub 12, 2022 5:51:38 ÖS org.openqa.selenium.devtools.CdpVersionFinder findNearestMatch
WARNING: Unable to find an exact match for CDP version 98, so returning the closest version found: 96
?ub 12, 2022 5:51:38 ÖS org.openqa.selenium.devtools.CdpVersionFinder findNearestMatch
INFO: Found CDP implementation for version 98 of 96
]]></system-err>
  </testcase>
  <testcase name="Type #2" classname="Find Transactions in Account Activity." time="21.981"/>
  <testcase name="Selection Results #1" classname="Find Transactions in Account Activity." time="21.793"/>
  <testcase name="Selection Results #2" classname="Find Transactions in Account Activity." time="23.452"/>
  <testcase name="Available currencies" classname="Purchase Foreign Currency" time="21.309"/>
  <testcase name="Error message for not selecting currency" classname="Purchase Foreign Currency" time="21.27"/>
  <testcase name="Error message for not entering value" classname="Purchase Foreign Currency" time="24.312"/>
</testsuite>